modules/expo-pangle/android/build/intermediates/manifest_merge_blame_file/debug/processDebugManifest/manifest-merger-blame-debug-report.txt
1<?xml version="1.0" encoding="utf-8"?>
2<!-- modules/expo-pangle/android/src/main/AndroidManifest.xml -->
3<manifest xmlns:android="http://schemas.android.com/apk/res/android"
4    package="expo.modules.pangle" >
5
6    <uses-sdk android:minSdkVersion="24" />
7
8    <uses-permission android:name="android.permission.INTERNET" />
8-->src/main/AndroidManifest.xml:3:3-65
8-->src/main/AndroidManifest.xml:3:20-62
9    <uses-permission android:name="android.permission.ACCESS_NETWORK_STATE" />
9-->src/main/AndroidManifest.xml:4:3-77
9-->src/main/AndroidManifest.xml:4:20-74
10
11</manifest>